<?xml version="1.0" encoding="UTF-8"?>
<coverage generated="1674666112441" clover="3.2.0">
  <project timestamp="1674666112441" name="All files">
    <metrics statements="204" coveredstatements="187" conditionals="57" coveredconditionals="41" methods="64" coveredmethods="58" elements="325" coveredelements="286" complexity="0" loc="204" ncloc="204" packages="1" files="4" classes="4"/>
    <file name="complie.ts" path="C:\Users\75978\Desktop\vue-core\mvvm_copy\src\complie.ts">
      <metrics statements="98" coveredstatements="87" conditionals="38" coveredconditionals="30" methods="30" coveredmethods="27"/>
      <line num="1" count="1" type="stmt"/>
      <line num="3" count="1" type="stmt"/>
      <line num="14" count="7" type="stmt"/>
      <line num="15" count="7" type="cond" truecount="1" falsecount="1"/>
      <line num="17" count="7" type="cond" truecount="1" falsecount="0"/>
      <line num="20" count="7" type="stmt"/>
      <line num="23" count="7" type="stmt"/>
      <line num="26" count="7" type="stmt"/>
      <line num="31" count="1" type="stmt"/>
      <line num="32" count="7" type="stmt"/>
      <line num="36" count="1" type="stmt"/>
      <line num="37" count="10" type="stmt"/>
      <line num="38" count="10" type="stmt"/>
      <line num="40" count="10" type="stmt"/>
      <line num="41" count="12" type="stmt"/>
      <line num="42" count="12" type="stmt"/>
      <line num="44" count="12" type="cond" truecount="2" falsecount="0"/>
      <line num="45" count="6" type="stmt"/>
      <line num="47" count="6" type="cond" truecount="3" falsecount="0"/>
      <line num="48" count="4" type="stmt"/>
      <line num="52" count="12" type="cond" truecount="3" falsecount="0"/>
      <line num="53" count="3" type="stmt"/>
      <line num="58" count="1" type="stmt"/>
      <line num="59" count="6" type="stmt"/>
      <line num="60" count="6" type="stmt"/>
      <line num="62" count="6" type="stmt"/>
      <line num="63" count="11" type="stmt"/>
      <line num="64" count="11" type="cond" truecount="1" falsecount="0"/>
      <line num="65" count="5" type="stmt"/>
      <line num="66" count="5" type="stmt"/>
      <line num="68" count="5" type="cond" truecount="2" falsecount="0"/>
      <line num="69" count="1" type="stmt"/>
      <line num="72" count="4" type="cond" truecount="2" falsecount="0"/>
      <line num="78" count="1" type="stmt"/>
      <line num="79" count="4" type="stmt"/>
      <line num="82" count="1" type="stmt"/>
      <line num="83" count="7" type="stmt"/>
      <line num="87" count="7" type="stmt"/>
      <line num="88" count="9" type="stmt"/>
      <line num="91" count="7" type="stmt"/>
      <line num="94" count="1" type="stmt"/>
      <line num="95" count="19" type="stmt"/>
      <line num="98" count="1" type="stmt"/>
      <line num="99" count="6" type="stmt"/>
      <line num="102" count="1" type="stmt"/>
      <line num="103" count="11" type="stmt"/>
      <line num="106" count="1" type="stmt"/>
      <line num="107" count="5" type="stmt"/>
      <line num="109" count="1" type="stmt"/>
      <line num="111" count="1" type="stmt"/>
      <line num="112" count="1" type="stmt"/>
      <line num="113" count="4" type="stmt"/>
      <line num="116" count="1" type="stmt"/>
      <line num="117" count="1" type="stmt"/>
      <line num="120" count="1" type="stmt"/>
      <line num="121" count="1" type="stmt"/>
      <line num="124" count="1" type="stmt"/>
      <line num="125" count="2" type="stmt"/>
      <line num="127" count="2" type="stmt"/>
      <line num="128" count="2" type="stmt"/>
      <line num="129" count="2" type="stmt"/>
      <line num="130" count="0" type="stmt"/>
      <line num="131" count="0" type="cond" truecount="0" falsecount="1"/>
      <line num="132" count="0" type="stmt"/>
      <line num="135" count="0" type="stmt"/>
      <line num="136" count="0" type="stmt"/>
      <line num="140" count="1" type="stmt"/>
      <line num="141" count="8" type="stmt"/>
      <line num="143" count="8" type="cond" truecount="2" falsecount="0"/>
      <line num="145" count="8" type="stmt"/>
      <line num="146" count="5" type="cond" truecount="2" falsecount="0"/>
      <line num="150" count="1" type="stmt"/>
      <line num="151" count="1" type="stmt"/>
      <line num="152" count="1" type="cond" truecount="2" falsecount="0"/>
      <line num="154" count="1" type="cond" truecount="3" falsecount="0"/>
      <line num="155" count="1" type="stmt"/>
      <line num="159" count="1" type="stmt"/>
      <line num="160" count="10" type="stmt"/>
      <line num="161" count="10" type="stmt"/>
      <line num="162" count="10" type="stmt"/>
      <line num="163" count="17" type="stmt"/>
      <line num="165" count="10" type="stmt"/>
      <line num="168" count="1" type="stmt"/>
      <line num="169" count="0" type="stmt"/>
      <line num="170" count="0" type="stmt"/>
      <line num="171" count="0" type="stmt"/>
      <line num="172" count="0" type="cond" truecount="0" falsecount="2"/>
      <line num="173" count="0" type="stmt"/>
      <line num="176" count="0" type="stmt"/>
      <line num="180" count="1" type="stmt"/>
      <line num="182" count="1" type="stmt"/>
      <line num="184" count="7" type="cond" truecount="1" falsecount="1"/>
      <line num="188" count="1" type="cond" truecount="1" falsecount="1"/>
      <line num="192" count="1" type="stmt"/>
      <line num="193" count="1" type="stmt"/>
      <line num="194" count="1" type="cond" truecount="3" falsecount="1"/>
      <line num="195" count="1" type="stmt"/>
      <line num="199" count="4" type="cond" truecount="1" falsecount="1"/>
    </file>
    <file name="mvvm.ts" path="C:\Users\75978\Desktop\vue-core\mvvm_copy\src\mvvm.ts">
      <metrics statements="26" coveredstatements="25" conditionals="7" coveredconditionals="4" methods="10" coveredmethods="8"/>
      <line num="1" count="1" type="stmt"/>
      <line num="2" count="1" type="stmt"/>
      <line num="3" count="1" type="stmt"/>
      <line num="10" count="1" type="stmt"/>
      <line num="16" count="7" type="cond" truecount="1" falsecount="1"/>
      <line num="17" count="7" type="stmt"/>
      <line num="18" count="7" type="stmt"/>
      <line num="22" count="7" type="stmt"/>
      <line num="23" count="10" type="stmt"/>
      <line num="27" count="7" type="stmt"/>
      <line num="30" count="7" type="stmt"/>
      <line num="33" count="7" type="cond" truecount="1" falsecount="1"/>
      <line num="36" count="1" type="stmt"/>
      <line num="37" count="1" type="stmt"/>
      <line num="40" count="1" type="stmt"/>
      <line num="41" count="10" type="stmt"/>
      <line num="42" count="10" type="stmt"/>
      <line num="46" count="38" type="stmt"/>
      <line num="49" count="0" type="stmt"/>
      <line num="54" count="1" type="stmt"/>
      <line num="55" count="7" type="stmt"/>
      <line num="56" count="7" type="stmt"/>
      <line num="58" count="7" type="cond" truecount="1" falsecount="0"/>
      <line num="59" count="1" type="stmt"/>
      <line num="60" count="1" type="stmt"/>
      <line num="69" count="1" type="stmt"/>
    </file>
    <file name="observer.ts" path="C:\Users\75978\Desktop\vue-core\mvvm_copy\src\observer.ts">
      <metrics statements="44" coveredstatements="40" conditionals="6" coveredconditionals="4" methods="16" coveredmethods="15"/>
      <line num="1" count="1" type="stmt"/>
      <line num="4" count="12" type="stmt"/>
      <line num="5" count="12" type="stmt"/>
      <line num="8" count="1" type="stmt"/>
      <line num="9" count="12" type="stmt"/>
      <line num="11" count="12" type="stmt"/>
      <line num="12" count="15" type="stmt"/>
      <line num="16" count="1" type="stmt"/>
      <line num="17" count="15" type="stmt"/>
      <line num="20" count="1" type="stmt"/>
      <line num="21" count="15" type="stmt"/>
      <line num="22" count="15" type="stmt"/>
      <line num="24" count="15" type="stmt"/>
      <line num="28" count="64" type="cond" truecount="1" falsecount="0"/>
      <line num="29" count="29" type="stmt"/>
      <line num="31" count="64" type="stmt"/>
      <line num="35" count="4" type="cond" truecount="0" falsecount="1"/>
      <line num="36" count="0" type="stmt"/>
      <line num="38" count="4" type="stmt"/>
      <line num="39" count="4" type="stmt"/>
      <line num="40" count="4" type="stmt"/>
      <line num="44" count="1" type="stmt"/>
      <line num="47" count="26" type="cond" truecount="3" falsecount="0"/>
      <line num="48" count="14" type="stmt"/>
      <line num="51" count="12" type="stmt"/>
      <line num="54" count="1" type="stmt"/>
      <line num="55" count="1" type="stmt"/>
      <line num="57" count="15" type="stmt"/>
      <line num="58" count="1" type="stmt"/>
      <line num="61" count="15" type="stmt"/>
      <line num="62" count="15" type="stmt"/>
      <line num="65" count="1" type="stmt"/>
      <line num="66" count="17" type="stmt"/>
      <line num="69" count="1" type="stmt"/>
      <line num="70" count="29" type="stmt"/>
      <line num="73" count="1" type="stmt"/>
      <line num="74" count="0" type="stmt"/>
      <line num="75" count="0" type="cond" truecount="0" falsecount="1"/>
      <line num="76" count="0" type="stmt"/>
      <line num="80" count="1" type="stmt"/>
      <line num="82" count="4" type="stmt"/>
      <line num="84" count="6" type="stmt"/>
      <line num="87" count="1" type="stmt"/>
      <line num="89" count="1" type="stmt"/>
    </file>
    <file name="watcher.ts" path="C:\Users\75978\Desktop\vue-core\mvvm_copy\src\watcher.ts">
      <metrics statements="36" coveredstatements="35" conditionals="6" coveredconditionals="3" methods="8" coveredmethods="8"/>
      <line num="1" count="1" type="stmt"/>
      <line num="4" count="1" type="stmt"/>
      <line num="11" count="9" type="stmt"/>
      <line num="14" count="9" type="stmt"/>
      <line num="15" count="9" type="stmt"/>
      <line num="16" count="9" type="stmt"/>
      <line num="18" count="9" type="cond" truecount="1" falsecount="1"/>
      <line num="19" count="0" type="stmt"/>
      <line num="22" count="9" type="stmt"/>
      <line num="25" count="9" type="stmt"/>
      <line num="28" count="1" type="stmt"/>
      <line num="29" count="6" type="stmt"/>
      <line num="32" count="1" type="stmt"/>
      <line num="33" count="6" type="stmt"/>
      <line num="34" count="6" type="stmt"/>
      <line num="35" count="6" type="cond" truecount="1" falsecount="0"/>
      <line num="36" count="6" type="stmt"/>
      <line num="37" count="6" type="stmt"/>
      <line num="41" count="1" type="stmt"/>
      <line num="43" count="29" type="cond" truecount="1" falsecount="0"/>
      <line num="44" count="17" type="stmt"/>
      <line num="45" count="17" type="stmt"/>
      <line num="49" count="1" type="stmt"/>
      <line num="50" count="15" type="stmt"/>
      <line num="51" count="15" type="stmt"/>
      <line num="53" count="15" type="stmt"/>
      <line num="54" count="15" type="stmt"/>
      <line num="57" count="1" type="stmt"/>
      <line num="58" count="9" type="cond" truecount="0" falsecount="1"/>
      <line num="60" count="9" type="stmt"/>
      <line num="62" count="9" type="stmt"/>
      <line num="64" count="15" type="stmt"/>
      <line num="65" count="27" type="cond" truecount="0" falsecount="1"/>
      <line num="66" count="27" type="stmt"/>
      <line num="69" count="15" type="stmt"/>
      <line num="72" count="1" type="stmt"/>
    </file>
  </project>
</coverage>
