{"C:\\Users\\75978\\Desktop\\vue-core\\mvvm_copy\\src\\complie.ts": {"path":"C:\\Users\\75978\\Desktop\\vue-core\\mvvm_copy\\src\\complie.ts","statementMap":{"0":{"start":{"line":1,"column":0},"end":{"line":1,"column":32}},"1":{"start":{"line":3,"column":0},"end":{"line":3,"column":null}},"2":{"start":{"line":14,"column":8},"end":{"line":14,"column":22}},"3":{"start":{"line":15,"column":8},"end":{"line":15,"column":76}},"4":{"start":{"line":17,"column":8},"end":{"line":27,"column":null}},"5":{"start":{"line":20,"column":12},"end":{"line":20,"column":58}},"6":{"start":{"line":23,"column":12},"end":{"line":23,"column":24}},"7":{"start":{"line":26,"column":12},"end":{"line":26,"column":49}},"8":{"start":{"line":31,"column":4},"end":{"line":33,"column":6}},"9":{"start":{"line":32,"column":8},"end":{"line":32,"column":44}},"10":{"start":{"line":36,"column":4},"end":{"line":56,"column":6}},"11":{"start":{"line":37,"column":25},"end":{"line":37,"column":38}},"12":{"start":{"line":38,"column":19},"end":{"line":38,"column":23}},"13":{"start":{"line":40,"column":8},"end":{"line":55,"column":null}},"14":{"start":{"line":41,"column":23},"end":{"line":41,"column":39}},"15":{"start":{"line":42,"column":22},"end":{"line":42,"column":36}},"16":{"start":{"line":44,"column":12},"end":{"line":50,"column":null}},"17":{"start":{"line":45,"column":16},"end":{"line":45,"column":35}},"18":{"start":{"line":47,"column":17},"end":{"line":50,"column":null}},"19":{"start":{"line":48,"column":16},"end":{"line":48,"column":57}},"20":{"start":{"line":52,"column":12},"end":{"line":54,"column":null}},"21":{"start":{"line":53,"column":16},"end":{"line":53,"column":42}},"22":{"start":{"line":58,"column":4},"end":{"line":76,"column":6}},"23":{"start":{"line":59,"column":24},"end":{"line":59,"column":39}},"24":{"start":{"line":60,"column":19},"end":{"line":60,"column":23}},"25":{"start":{"line":62,"column":8},"end":{"line":75,"column":null}},"26":{"start":{"line":63,"column":27},"end":{"line":63,"column":36}},"27":{"start":{"line":64,"column":12},"end":{"line":74,"column":null}},"28":{"start":{"line":65,"column":26},"end":{"line":65,"column":36}},"29":{"start":{"line":66,"column":26},"end":{"line":66,"column":47}},"30":{"start":{"line":68,"column":16},"end":{"line":73,"column":null}},"31":{"start":{"line":69,"column":20},"end":{"line":69,"column":71}},"32":{"start":{"line":72,"column":20},"end":{"line":72,"column":78}},"33":{"start":{"line":78,"column":4},"end":{"line":80,"column":6}},"34":{"start":{"line":79,"column":8},"end":{"line":79,"column":46}},"35":{"start":{"line":82,"column":4},"end":{"line":92,"column":6}},"36":{"start":{"line":83,"column":23},"end":{"line":83,"column":56}},"37":{"start":{"line":87,"column":8},"end":{"line":89,"column":null}},"38":{"start":{"line":88,"column":12},"end":{"line":88,"column":40}},"39":{"start":{"line":91,"column":8},"end":{"line":91,"column":24}},"40":{"start":{"line":94,"column":4},"end":{"line":96,"column":6}},"41":{"start":{"line":95,"column":8},"end":{"line":95,"column":34}},"42":{"start":{"line":98,"column":4},"end":{"line":100,"column":6}},"43":{"start":{"line":99,"column":8},"end":{"line":99,"column":34}},"44":{"start":{"line":102,"column":4},"end":{"line":104,"column":6}},"45":{"start":{"line":103,"column":8},"end":{"line":103,"column":39}},"46":{"start":{"line":106,"column":4},"end":{"line":108,"column":6}},"47":{"start":{"line":107,"column":8},"end":{"line":107,"column":38}},"48":{"start":{"line":109,"column":0},"end":{"line":109,"column":null}},"49":{"start":{"line":111,"column":0},"end":{"line":111,"column":null}},"50":{"start":{"line":112,"column":11},"end":{"line":114,"column":6}},"51":{"start":{"line":113,"column":8},"end":{"line":113,"column":41}},"52":{"start":{"line":116,"column":11},"end":{"line":118,"column":6}},"53":{"start":{"line":117,"column":8},"end":{"line":117,"column":41}},"54":{"start":{"line":120,"column":11},"end":{"line":122,"column":6}},"55":{"start":{"line":121,"column":8},"end":{"line":121,"column":42}},"56":{"start":{"line":124,"column":11},"end":{"line":138,"column":6}},"57":{"start":{"line":125,"column":8},"end":{"line":125,"column":42}},"58":{"start":{"line":127,"column":19},"end":{"line":127,"column":23}},"59":{"start":{"line":128,"column":18},"end":{"line":128,"column":41}},"60":{"start":{"line":129,"column":8},"end":{"line":137,"column":null}},"61":{"start":{"line":130,"column":27},"end":{"line":130,"column":41}},"62":{"start":{"line":131,"column":12},"end":{"line":133,"column":null}},"63":{"start":{"line":132,"column":16},"end":{"line":132,"column":23}},"64":{"start":{"line":135,"column":12},"end":{"line":135,"column":46}},"65":{"start":{"line":136,"column":12},"end":{"line":136,"column":27}},"66":{"start":{"line":140,"column":11},"end":{"line":148,"column":6}},"67":{"start":{"line":141,"column":24},"end":{"line":141,"column":48}},"68":{"start":{"line":143,"column":8},"end":{"line":143,"column":62}},"69":{"start":{"line":145,"column":8},"end":{"line":147,"column":11}},"70":{"start":{"line":146,"column":12},"end":{"line":146,"column":58}},"71":{"start":{"line":150,"column":11},"end":{"line":157,"column":6}},"72":{"start":{"line":151,"column":24},"end":{"line":151,"column":41}},"73":{"start":{"line":152,"column":17},"end":{"line":152,"column":62}},"74":{"start":{"line":154,"column":8},"end":{"line":156,"column":null}},"75":{"start":{"line":155,"column":12},"end":{"line":155,"column":65}},"76":{"start":{"line":159,"column":11},"end":{"line":166,"column":6}},"77":{"start":{"line":160,"column":18},"end":{"line":160,"column":20}},"78":{"start":{"line":161,"column":8},"end":{"line":161,"column":29}},"79":{"start":{"line":162,"column":8},"end":{"line":164,"column":null}},"80":{"start":{"line":163,"column":12},"end":{"line":163,"column":null}},"81":{"start":{"line":165,"column":8},"end":{"line":165,"column":null}},"82":{"start":{"line":168,"column":11},"end":{"line":179,"column":null}},"83":{"start":{"line":169,"column":18},"end":{"line":169,"column":20}},"84":{"start":{"line":170,"column":8},"end":{"line":170,"column":29}},"85":{"start":{"line":171,"column":8},"end":{"line":178,"column":null}},"86":{"start":{"line":172,"column":12},"end":{"line":177,"column":null}},"87":{"start":{"line":173,"column":16},"end":{"line":173,"column":29}},"88":{"start":{"line":176,"column":16},"end":{"line":176,"column":31}},"89":{"start":{"line":180,"column":0},"end":{"line":180,"column":null}},"90":{"start":{"line":182,"column":14},"end":{"line":201,"column":null}},"91":{"start":{"line":184,"column":8},"end":{"line":184,"column":68}},"92":{"start":{"line":188,"column":8},"end":{"line":188,"column":66}},"93":{"start":{"line":192,"column":24},"end":{"line":192,"column":38}},"94":{"start":{"line":193,"column":8},"end":{"line":193,"column":71}},"95":{"start":{"line":194,"column":20},"end":{"line":194,"column":57}},"96":{"start":{"line":195,"column":8},"end":{"line":195,"column":51}},"97":{"start":{"line":199,"column":8},"end":{"line":199,"column":62}}},"fnMap":{"0":{"name":"(anonymous_0)","decl":{"start":{"line":3,"column":0},"end":{"line":3,"column":null}},"loc":{"start":{"line":3,"column":0},"end":{"line":109,"column":null}}},"1":{"name":"Complie","decl":{"start":{"line":13,"column":4},"end":{"line":13,"column":16}},"loc":{"start":{"line":13,"column":30},"end":{"line":28,"column":5}}},"2":{"name":"(anonymous_2)","decl":{"start":{"line":31,"column":4},"end":{"line":31,"column":8}},"loc":{"start":{"line":31,"column":4},"end":{"line":33,"column":5}}},"3":{"name":"(anonymous_3)","decl":{"start":{"line":36,"column":4},"end":{"line":36,"column":18}},"loc":{"start":{"line":36,"column":25},"end":{"line":56,"column":5}}},"4":{"name":"(anonymous_4)","decl":{"start":{"line":40,"column":42},"end":{"line":40,"column":51}},"loc":{"start":{"line":40,"column":59},"end":{"line":55,"column":9}}},"5":{"name":"(anonymous_5)","decl":{"start":{"line":58,"column":4},"end":{"line":58,"column":11}},"loc":{"start":{"line":58,"column":20},"end":{"line":76,"column":5}}},"6":{"name":"(anonymous_6)","decl":{"start":{"line":62,"column":41},"end":{"line":62,"column":50}},"loc":{"start":{"line":62,"column":58},"end":{"line":75,"column":9}}},"7":{"name":"(anonymous_7)","decl":{"start":{"line":78,"column":4},"end":{"line":78,"column":15}},"loc":{"start":{"line":78,"column":33},"end":{"line":80,"column":5}}},"8":{"name":"(anonymous_8)","decl":{"start":{"line":82,"column":4},"end":{"line":82,"column":17}},"loc":{"start":{"line":82,"column":24},"end":{"line":92,"column":5}}},"9":{"name":"(anonymous_9)","decl":{"start":{"line":94,"column":4},"end":{"line":94,"column":17}},"loc":{"start":{"line":94,"column":26},"end":{"line":96,"column":5}}},"10":{"name":"(anonymous_10)","decl":{"start":{"line":98,"column":4},"end":{"line":98,"column":14}},"loc":{"start":{"line":98,"column":23},"end":{"line":100,"column":5}}},"11":{"name":"(anonymous_11)","decl":{"start":{"line":102,"column":4},"end":{"line":102,"column":15}},"loc":{"start":{"line":102,"column":24},"end":{"line":104,"column":5}}},"12":{"name":"(anonymous_12)","decl":{"start":{"line":106,"column":4},"end":{"line":106,"column":20}},"loc":{"start":{"line":106,"column":28},"end":{"line":108,"column":5}}},"13":{"name":"(anonymous_13)","decl":{"start":{"line":111,"column":0},"end":{"line":111,"column":null}},"loc":{"start":{"line":111,"column":0},"end":{"line":180,"column":null}}},"14":{"name":"(anonymous_15)","decl":{"start":{"line":112,"column":4},"end":{"line":112,"column":11}},"loc":{"start":{"line":112,"column":41},"end":{"line":114,"column":5}}},"15":{"name":"(anonymous_16)","decl":{"start":{"line":116,"column":4},"end":{"line":116,"column":11}},"loc":{"start":{"line":116,"column":41},"end":{"line":118,"column":5}}},"16":{"name":"(anonymous_17)","decl":{"start":{"line":120,"column":4},"end":{"line":120,"column":11}},"loc":{"start":{"line":120,"column":42},"end":{"line":122,"column":5}}},"17":{"name":"(anonymous_18)","decl":{"start":{"line":124,"column":4},"end":{"line":124,"column":11}},"loc":{"start":{"line":124,"column":42},"end":{"line":138,"column":5}}},"18":{"name":"(anonymous_19)","decl":{"start":{"line":129,"column":39},"end":{"line":129,"column":48}},"loc":{"start":{"line":129,"column":53},"end":{"line":137,"column":9}}},"19":{"name":"(anonymous_20)","decl":{"start":{"line":140,"column":4},"end":{"line":140,"column":11}},"loc":{"start":{"line":140,"column":50},"end":{"line":148,"column":5}}},"20":{"name":"(anonymous_21)","decl":{"start":{"line":145,"column":29},"end":{"line":145,"column":38}},"loc":{"start":{"line":145,"column":61},"end":{"line":147,"column":9}}},"21":{"name":"(anonymous_22)","decl":{"start":{"line":150,"column":4},"end":{"line":150,"column":11}},"loc":{"start":{"line":150,"column":58},"end":{"line":157,"column":5}}},"22":{"name":"(anonymous_23)","decl":{"start":{"line":159,"column":4},"end":{"line":159,"column":11}},"loc":{"start":{"line":159,"column":36},"end":{"line":166,"column":5}}},"23":{"name":"(anonymous_24)","decl":{"start":{"line":162,"column":20},"end":{"line":162,"column":29}},"loc":{"start":{"line":162,"column":34},"end":{"line":164,"column":9}}},"24":{"name":"(anonymous_25)","decl":{"start":{"line":168,"column":4},"end":{"line":168,"column":11}},"loc":{"start":{"line":168,"column":47},"end":{"line":179,"column":5}}},"25":{"name":"(anonymous_26)","decl":{"start":{"line":171,"column":20},"end":{"line":171,"column":29}},"loc":{"start":{"line":171,"column":41},"end":{"line":178,"column":9}}},"26":{"name":"(anonymous_27)","decl":{"start":{"line":183,"column":15},"end":{"line":183,"column":16}},"loc":{"start":{"line":183,"column":35},"end":{"line":185,"column":5}}},"27":{"name":"(anonymous_28)","decl":{"start":{"line":187,"column":15},"end":{"line":187,"column":16}},"loc":{"start":{"line":187,"column":35},"end":{"line":189,"column":5}}},"28":{"name":"(anonymous_29)","decl":{"start":{"line":191,"column":16},"end":{"line":191,"column":17}},"loc":{"start":{"line":191,"column":50},"end":{"line":196,"column":5}}},"29":{"name":"(anonymous_30)","decl":{"start":{"line":198,"column":16},"end":{"line":198,"column":17}},"loc":{"start":{"line":198,"column":50},"end":{"line":200,"column":5}}}},"branchMap":{"0":{"loc":{"start":{"line":15,"column":19},"end":{"line":15,"column":75}},"type":"cond-expr","locations":[{"start":{"line":15,"column":44},"end":{"line":15,"column":46}},{"start":{"line":15,"column":49},"end":{"line":15,"column":75}}]},"1":{"loc":{"start":{"line":17,"column":8},"end":{"line":27,"column":null}},"type":"if","locations":[{"start":{"line":17,"column":8},"end":{"line":27,"column":null}}]},"2":{"loc":{"start":{"line":44,"column":12},"end":{"line":50,"column":null}},"type":"if","locations":[{"start":{"line":44,"column":12},"end":{"line":50,"column":null}},{"start":{"line":47,"column":17},"end":{"line":50,"column":null}}]},"3":{"loc":{"start":{"line":47,"column":17},"end":{"line":50,"column":null}},"type":"if","locations":[{"start":{"line":47,"column":17},"end":{"line":50,"column":null}}]},"4":{"loc":{"start":{"line":47,"column":21},"end":{"line":47,"column":60}},"type":"binary-expr","locations":[{"start":{"line":47,"column":21},"end":{"line":47,"column":42}},{"start":{"line":47,"column":46},"end":{"line":47,"column":60}}]},"5":{"loc":{"start":{"line":52,"column":12},"end":{"line":54,"column":null}},"type":"if","locations":[{"start":{"line":52,"column":12},"end":{"line":54,"column":null}}]},"6":{"loc":{"start":{"line":52,"column":16},"end":{"line":52,"column":57}},"type":"binary-expr","locations":[{"start":{"line":52,"column":16},"end":{"line":52,"column":31}},{"start":{"line":52,"column":35},"end":{"line":52,"column":57}}]},"7":{"loc":{"start":{"line":64,"column":12},"end":{"line":74,"column":null}},"type":"if","locations":[{"start":{"line":64,"column":12},"end":{"line":74,"column":null}}]},"8":{"loc":{"start":{"line":68,"column":16},"end":{"line":73,"column":null}},"type":"if","locations":[{"start":{"line":68,"column":16},"end":{"line":73,"column":null}},{"start":{"line":71,"column":21},"end":{"line":73,"column":null}}]},"9":{"loc":{"start":{"line":72,"column":20},"end":{"line":72,"column":77}},"type":"binary-expr","locations":[{"start":{"line":72,"column":20},"end":{"line":72,"column":36}},{"start":{"line":72,"column":40},"end":{"line":72,"column":77}}]},"10":{"loc":{"start":{"line":131,"column":12},"end":{"line":133,"column":null}},"type":"if","locations":[{"start":{"line":131,"column":12},"end":{"line":133,"column":null}}]},"11":{"loc":{"start":{"line":143,"column":8},"end":{"line":143,"column":61}},"type":"binary-expr","locations":[{"start":{"line":143,"column":8},"end":{"line":143,"column":17}},{"start":{"line":143,"column":21},"end":{"line":143,"column":61}}]},"12":{"loc":{"start":{"line":146,"column":12},"end":{"line":146,"column":57}},"type":"binary-expr","locations":[{"start":{"line":146,"column":12},"end":{"line":146,"column":21}},{"start":{"line":146,"column":25},"end":{"line":146,"column":57}}]},"13":{"loc":{"start":{"line":152,"column":17},"end":{"line":152,"column":62}},"type":"binary-expr","locations":[{"start":{"line":152,"column":17},"end":{"line":152,"column":35}},{"start":{"line":152,"column":39},"end":{"line":152,"column":62}}]},"14":{"loc":{"start":{"line":154,"column":8},"end":{"line":156,"column":null}},"type":"if","locations":[{"start":{"line":154,"column":8},"end":{"line":156,"column":null}}]},"15":{"loc":{"start":{"line":154,"column":12},"end":{"line":154,"column":27}},"type":"binary-expr","locations":[{"start":{"line":154,"column":12},"end":{"line":154,"column":21}},{"start":{"line":154,"column":25},"end":{"line":154,"column":27}}]},"16":{"loc":{"start":{"line":172,"column":12},"end":{"line":177,"column":null}},"type":"if","locations":[{"start":{"line":172,"column":12},"end":{"line":177,"column":null}},{"start":{"line":175,"column":17},"end":{"line":177,"column":null}}]},"17":{"loc":{"start":{"line":184,"column":27},"end":{"line":184,"column":67}},"type":"cond-expr","locations":[{"start":{"line":184,"column":57},"end":{"line":184,"column":59}},{"start":{"line":184,"column":62},"end":{"line":184,"column":67}}]},"18":{"loc":{"start":{"line":188,"column":25},"end":{"line":188,"column":65}},"type":"cond-expr","locations":[{"start":{"line":188,"column":55},"end":{"line":188,"column":57}},{"start":{"line":188,"column":60},"end":{"line":188,"column":65}}]},"19":{"loc":{"start":{"line":194,"column":20},"end":{"line":194,"column":57}},"type":"cond-expr","locations":[{"start":{"line":194,"column":49},"end":{"line":194,"column":52}},{"start":{"line":194,"column":55},"end":{"line":194,"column":57}}]},"20":{"loc":{"start":{"line":194,"column":20},"end":{"line":194,"column":46}},"type":"binary-expr","locations":[{"start":{"line":194,"column":20},"end":{"line":194,"column":29}},{"start":{"line":194,"column":33},"end":{"line":194,"column":46}}]},"21":{"loc":{"start":{"line":199,"column":21},"end":{"line":199,"column":61}},"type":"cond-expr","locations":[{"start":{"line":199,"column":51},"end":{"line":199,"column":53}},{"start":{"line":199,"column":56},"end":{"line":199,"column":61}}]}},"s":{"0":1,"1":1,"2":7,"3":7,"4":7,"5":7,"6":7,"7":7,"8":1,"9":7,"10":1,"11":10,"12":10,"13":10,"14":12,"15":12,"16":12,"17":6,"18":6,"19":4,"20":12,"21":3,"22":1,"23":6,"24":6,"25":6,"26":11,"27":11,"28":5,"29":5,"30":5,"31":1,"32":4,"33":1,"34":4,"35":1,"36":7,"37":7,"38":9,"39":7,"40":1,"41":19,"42":1,"43":6,"44":1,"45":11,"46":1,"47":5,"48":1,"49":1,"50":1,"51":4,"52":1,"53":1,"54":1,"55":1,"56":1,"57":2,"58":2,"59":2,"60":2,"61":0,"62":0,"63":0,"64":0,"65":0,"66":1,"67":8,"68":8,"69":8,"70":5,"71":1,"72":1,"73":1,"74":1,"75":1,"76":1,"77":10,"78":10,"79":10,"80":17,"81":10,"82":1,"83":0,"84":0,"85":0,"86":0,"87":0,"88":0,"89":1,"90":1,"91":7,"92":1,"93":1,"94":1,"95":1,"96":1,"97":4},"f":{"0":1,"1":7,"2":7,"3":10,"4":12,"5":6,"6":11,"7":4,"8":7,"9":19,"10":6,"11":11,"12":5,"13":1,"14":4,"15":1,"16":1,"17":2,"18":0,"19":8,"20":5,"21":1,"22":10,"23":17,"24":0,"25":0,"26":7,"27":1,"28":1,"29":4},"b":{"0":[0,7],"1":[7],"2":[6,6],"3":[4],"4":[6,6],"5":[3],"6":[12,12],"7":[5],"8":[1,4],"9":[4,4],"10":[0],"11":[8,8],"12":[5,5],"13":[1,1],"14":[1],"15":[1,1],"16":[0,0],"17":[0,7],"18":[0,1],"19":[1,0],"20":[1,1],"21":[0,4]}}
,"C:\\Users\\75978\\Desktop\\vue-core\\mvvm_copy\\src\\mvvm.ts": {"path":"C:\\Users\\75978\\Desktop\\vue-core\\mvvm_copy\\src\\mvvm.ts","statementMap":{"0":{"start":{"line":1,"column":0},"end":{"line":1,"column":32}},"1":{"start":{"line":2,"column":0},"end":{"line":2,"column":37}},"2":{"start":{"line":3,"column":0},"end":{"line":3,"column":31}},"3":{"start":{"line":10,"column":0},"end":{"line":10,"column":null}},"4":{"start":{"line":16,"column":8},"end":{"line":16,"column":36}},"5":{"start":{"line":17,"column":19},"end":{"line":17,"column":49}},"6":{"start":{"line":18,"column":19},"end":{"line":18,"column":23}},"7":{"start":{"line":22,"column":8},"end":{"line":24,"column":null}},"8":{"start":{"line":23,"column":12},"end":{"line":23,"column":33}},"9":{"start":{"line":27,"column":8},"end":{"line":27,"column":29}},"10":{"start":{"line":30,"column":8},"end":{"line":30,"column":28}},"11":{"start":{"line":33,"column":8},"end":{"line":33,"column":null}},"12":{"start":{"line":36,"column":4},"end":{"line":38,"column":null}},"13":{"start":{"line":37,"column":8},"end":{"line":37,"column":35}},"14":{"start":{"line":40,"column":4},"end":{"line":52,"column":null}},"15":{"start":{"line":41,"column":19},"end":{"line":41,"column":23}},"16":{"start":{"line":42,"column":8},"end":{"line":51,"column":null}},"17":{"start":{"line":46,"column":16},"end":{"line":46,"column":39}},"18":{"start":{"line":49,"column":16},"end":{"line":49,"column":null}},"19":{"start":{"line":54,"column":4},"end":{"line":68,"column":null}},"20":{"start":{"line":55,"column":19},"end":{"line":55,"column":23}},"21":{"start":{"line":56,"column":23},"end":{"line":56,"column":44}},"22":{"start":{"line":58,"column":8},"end":{"line":67,"column":null}},"23":{"start":{"line":59,"column":12},"end":{"line":66,"column":15}},"24":{"start":{"line":60,"column":16},"end":{"line":65,"column":19}},"25":{"start":{"line":69,"column":0},"end":{"line":69,"column":null}}},"fnMap":{"0":{"name":"(anonymous_0)","decl":{"start":{"line":10,"column":0},"end":{"line":10,"column":null}},"loc":{"start":{"line":10,"column":0},"end":{"line":69,"column":null}}},"1":{"name":"MVVM","decl":{"start":{"line":15,"column":4},"end":{"line":15,"column":16}},"loc":{"start":{"line":15,"column":29},"end":{"line":34,"column":5}}},"2":{"name":"(anonymous_2)","decl":{"start":{"line":22,"column":34},"end":{"line":22,"column":43}},"loc":{"start":{"line":22,"column":50},"end":{"line":24,"column":9}}},"3":{"name":"(anonymous_3)","decl":{"start":{"line":36,"column":4},"end":{"line":36,"column":10}},"loc":{"start":{"line":36,"column":46},"end":{"line":38,"column":5}}},"4":{"name":"(anonymous_4)","decl":{"start":{"line":40,"column":4},"end":{"line":40,"column":14}},"loc":{"start":{"line":40,"column":22},"end":{"line":52,"column":5}}},"5":{"name":"proxyGetter","decl":{"start":{"line":45,"column":26},"end":{"line":45,"column":37}},"loc":{"start":{"line":45,"column":37},"end":{"line":47,"column":13}}},"6":{"name":"proxySetter","decl":{"start":{"line":48,"column":26},"end":{"line":48,"column":37}},"loc":{"start":{"line":48,"column":44},"end":{"line":50,"column":13}}},"7":{"name":"(anonymous_7)","decl":{"start":{"line":54,"column":4},"end":{"line":54,"column":17}},"loc":{"start":{"line":54,"column":4},"end":{"line":68,"column":5}}},"8":{"name":"(anonymous_8)","decl":{"start":{"line":59,"column":42},"end":{"line":59,"column":51}},"loc":{"start":{"line":59,"column":54},"end":{"line":66,"column":13}}},"9":{"name":"(anonymous_9)","decl":{"start":{"line":64,"column":25},"end":{"line":64,"column":36}},"loc":{"start":{"line":64,"column":25},"end":{"line":64,"column":37}}}},"branchMap":{"0":{"loc":{"start":{"line":16,"column":23},"end":{"line":16,"column":35}},"type":"binary-expr","locations":[{"start":{"line":16,"column":23},"end":{"line":16,"column":29}},{"start":{"line":16,"column":33},"end":{"line":16,"column":35}}]},"1":{"loc":{"start":{"line":33,"column":36},"end":{"line":33,"column":62}},"type":"binary-expr","locations":[{"start":{"line":33,"column":36},"end":{"line":33,"column":45}},{"start":{"line":33,"column":49},"end":{"line":33,"column":62}}]},"2":{"loc":{"start":{"line":58,"column":8},"end":{"line":67,"column":null}},"type":"if","locations":[{"start":{"line":58,"column":8},"end":{"line":67,"column":null}}]},"3":{"loc":{"start":{"line":61,"column":25},"end":{"line":63,"column":47}},"type":"cond-expr","locations":[{"start":{"line":62,"column":30},"end":{"line":62,"column":43}},{"start":{"line":63,"column":30},"end":{"line":63,"column":47}}]}},"s":{"0":1,"1":1,"2":1,"3":1,"4":7,"5":7,"6":7,"7":7,"8":10,"9":7,"10":7,"11":7,"12":1,"13":1,"14":1,"15":10,"16":10,"17":38,"18":0,"19":1,"20":7,"21":7,"22":7,"23":1,"24":1,"25":1},"f":{"0":1,"1":7,"2":10,"3":1,"4":10,"5":38,"6":0,"7":7,"8":1,"9":0},"b":{"0":[7,0],"1":[7,0],"2":[1],"3":[1,0]}}
,"C:\\Users\\75978\\Desktop\\vue-core\\mvvm_copy\\src\\observer.ts": {"path":"C:\\Users\\75978\\Desktop\\vue-core\\mvvm_copy\\src\\observer.ts","statementMap":{"0":{"start":{"line":1,"column":0},"end":{"line":1,"column":null}},"1":{"start":{"line":4,"column":8},"end":{"line":4,"column":25}},"2":{"start":{"line":5,"column":8},"end":{"line":5,"column":24}},"3":{"start":{"line":8,"column":4},"end":{"line":14,"column":6}},"4":{"start":{"line":9,"column":19},"end":{"line":9,"column":23}},"5":{"start":{"line":11,"column":8},"end":{"line":13,"column":null}},"6":{"start":{"line":12,"column":16},"end":{"line":12,"column":45}},"7":{"start":{"line":16,"column":4},"end":{"line":18,"column":6}},"8":{"start":{"line":17,"column":8},"end":{"line":17,"column":49}},"9":{"start":{"line":20,"column":4},"end":{"line":43,"column":null}},"10":{"start":{"line":21,"column":18},"end":{"line":21,"column":27}},"11":{"start":{"line":22,"column":23},"end":{"line":22,"column":35}},"12":{"start":{"line":24,"column":8},"end":{"line":42,"column":null}},"13":{"start":{"line":28,"column":16},"end":{"line":30,"column":null}},"14":{"start":{"line":29,"column":20},"end":{"line":29,"column":33}},"15":{"start":{"line":31,"column":16},"end":{"line":31,"column":27}},"16":{"start":{"line":35,"column":16},"end":{"line":37,"column":null}},"17":{"start":{"line":36,"column":20},"end":{"line":36,"column":27}},"18":{"start":{"line":38,"column":16},"end":{"line":38,"column":29}},"19":{"start":{"line":39,"column":16},"end":{"line":39,"column":43}},"20":{"start":{"line":40,"column":16},"end":{"line":40,"column":29}},"21":{"start":{"line":44,"column":0},"end":{"line":44,"column":null}},"22":{"start":{"line":89,"column":8},"end":{"line":89,"column":16}},"23":{"start":{"line":47,"column":4},"end":{"line":49,"column":null}},"24":{"start":{"line":48,"column":8},"end":{"line":48,"column":15}},"25":{"start":{"line":51,"column":4},"end":{"line":51,"column":31}},"26":{"start":{"line":89,"column":23},"end":{"line":89,"column":30}},"27":{"start":{"line":54,"column":0},"end":{"line":54,"column":null}},"28":{"start":{"line":57,"column":11},"end":{"line":57,"column":30}},"29":{"start":{"line":61,"column":8},"end":{"line":61,"column":23}},"30":{"start":{"line":62,"column":8},"end":{"line":62,"column":28}},"31":{"start":{"line":65,"column":4},"end":{"line":67,"column":6}},"32":{"start":{"line":66,"column":8},"end":{"line":66,"column":28}},"33":{"start":{"line":69,"column":4},"end":{"line":71,"column":6}},"34":{"start":{"line":70,"column":8},"end":{"line":70,"column":32}},"35":{"start":{"line":73,"column":4},"end":{"line":78,"column":6}},"36":{"start":{"line":74,"column":20},"end":{"line":74,"column":42}},"37":{"start":{"line":75,"column":8},"end":{"line":77,"column":null}},"38":{"start":{"line":76,"column":12},"end":{"line":76,"column":39}},"39":{"start":{"line":80,"column":4},"end":{"line":86,"column":null}},"40":{"start":{"line":82,"column":8},"end":{"line":85,"column":null}},"41":{"start":{"line":84,"column":12},"end":{"line":84,"column":null}},"42":{"start":{"line":55,"column":11},"end":{"line":55,"column":26}},"43":{"start":{"line":58,"column":11},"end":{"line":58,"column":29}},"44":{"start":{"line":87,"column":0},"end":{"line":87,"column":null}},"45":{"start":{"line":89,"column":18},"end":{"line":89,"column":21}}},"fnMap":{"0":{"name":"(anonymous_0)","decl":{"start":{"line":1,"column":0},"end":{"line":1,"column":null}},"loc":{"start":{"line":1,"column":0},"end":{"line":44,"column":null}}},"1":{"name":"Observer","decl":{"start":{"line":3,"column":4},"end":{"line":3,"column":16}},"loc":{"start":{"line":3,"column":24},"end":{"line":6,"column":5}}},"2":{"name":"(anonymous_2)","decl":{"start":{"line":8,"column":4},"end":{"line":8,"column":8}},"loc":{"start":{"line":8,"column":17},"end":{"line":14,"column":5}}},"3":{"name":"(anonymous_3)","decl":{"start":{"line":11,"column":34},"end":{"line":11,"column":43}},"loc":{"start":{"line":11,"column":46},"end":{"line":13,"column":9}}},"4":{"name":"(anonymous_4)","decl":{"start":{"line":16,"column":4},"end":{"line":16,"column":11}},"loc":{"start":{"line":16,"column":28},"end":{"line":18,"column":5}}},"5":{"name":"(anonymous_5)","decl":{"start":{"line":20,"column":4},"end":{"line":20,"column":18}},"loc":{"start":{"line":20,"column":45},"end":{"line":43,"column":5}}},"6":{"name":"(anonymous_6)","decl":{"start":{"line":27,"column":17},"end":{"line":27,"column":null}},"loc":{"start":{"line":27,"column":17},"end":{"line":32,"column":13}}},"7":{"name":"(anonymous_7)","decl":{"start":{"line":33,"column":17},"end":{"line":33,"column":26}},"loc":{"start":{"line":33,"column":32},"end":{"line":41,"column":13}}},"8":{"name":"observe","decl":{"start":{"line":46,"column":9},"end":{"line":46,"column":16}},"loc":{"start":{"line":46,"column":35},"end":{"line":52,"column":1}}},"9":{"name":"(anonymous_9)","decl":{"start":{"line":54,"column":0},"end":{"line":54,"column":null}},"loc":{"start":{"line":54,"column":0},"end":{"line":54,"column":null}}},"10":{"name":"Dep","decl":{"start":{"line":60,"column":4},"end":{"line":60,"column":null}},"loc":{"start":{"line":60,"column":4},"end":{"line":63,"column":5}}},"11":{"name":"(anonymous_11)","decl":{"start":{"line":65,"column":4},"end":{"line":65,"column":10}},"loc":{"start":{"line":65,"column":18},"end":{"line":67,"column":5}}},"12":{"name":"(anonymous_12)","decl":{"start":{"line":69,"column":4},"end":{"line":69,"column":10}},"loc":{"start":{"line":69,"column":4},"end":{"line":71,"column":5}}},"13":{"name":"(anonymous_13)","decl":{"start":{"line":73,"column":4},"end":{"line":73,"column":13}},"loc":{"start":{"line":73,"column":21},"end":{"line":78,"column":5}}},"14":{"name":"(anonymous_14)","decl":{"start":{"line":80,"column":4},"end":{"line":80,"column":10}},"loc":{"start":{"line":80,"column":4},"end":{"line":86,"column":5}}},"15":{"name":"(anonymous_15)","decl":{"start":{"line":82,"column":26},"end":{"line":82,"column":35}},"loc":{"start":{"line":82,"column":38},"end":{"line":85,"column":9}}}},"branchMap":{"0":{"loc":{"start":{"line":28,"column":16},"end":{"line":30,"column":null}},"type":"if","locations":[{"start":{"line":28,"column":16},"end":{"line":30,"column":null}}]},"1":{"loc":{"start":{"line":35,"column":16},"end":{"line":37,"column":null}},"type":"if","locations":[{"start":{"line":35,"column":16},"end":{"line":37,"column":null}}]},"2":{"loc":{"start":{"line":47,"column":4},"end":{"line":49,"column":null}},"type":"if","locations":[{"start":{"line":47,"column":4},"end":{"line":49,"column":null}}]},"3":{"loc":{"start":{"line":47,"column":8},"end":{"line":47,"column":43}},"type":"binary-expr","locations":[{"start":{"line":47,"column":8},"end":{"line":47,"column":14}},{"start":{"line":47,"column":18},"end":{"line":47,"column":43}}]},"4":{"loc":{"start":{"line":75,"column":8},"end":{"line":77,"column":null}},"type":"if","locations":[{"start":{"line":75,"column":8},"end":{"line":77,"column":null}}]}},"s":{"0":1,"1":12,"2":12,"3":1,"4":12,"5":12,"6":15,"7":1,"8":15,"9":1,"10":15,"11":15,"12":15,"13":64,"14":29,"15":64,"16":4,"17":0,"18":4,"19":4,"20":4,"21":1,"22":1,"23":26,"24":14,"25":12,"26":1,"27":1,"28":15,"29":15,"30":15,"31":1,"32":17,"33":1,"34":29,"35":1,"36":0,"37":0,"38":0,"39":1,"40":4,"41":6,"42":1,"43":1,"44":1,"45":1},"f":{"0":1,"1":12,"2":12,"3":15,"4":15,"5":15,"6":64,"7":4,"8":26,"9":1,"10":15,"11":17,"12":29,"13":0,"14":4,"15":6},"b":{"0":[29],"1":[0],"2":[14],"3":[26,26],"4":[0]}}
,"C:\\Users\\75978\\Desktop\\vue-core\\mvvm_copy\\src\\watcher.ts": {"path":"C:\\Users\\75978\\Desktop\\vue-core\\mvvm_copy\\src\\watcher.ts","statementMap":{"0":{"start":{"line":1,"column":0},"end":{"line":1,"column":30}},"1":{"start":{"line":4,"column":0},"end":{"line":4,"column":null}},"2":{"start":{"line":11,"column":11},"end":{"line":11,"column":23}},"3":{"start":{"line":14,"column":8},"end":{"line":14,"column":21}},"4":{"start":{"line":15,"column":8},"end":{"line":15,"column":21}},"5":{"start":{"line":16,"column":8},"end":{"line":16,"column":31}},"6":{"start":{"line":18,"column":8},"end":{"line":23,"column":null}},"7":{"start":{"line":19,"column":12},"end":{"line":19,"column":34}},"8":{"start":{"line":22,"column":12},"end":{"line":22,"column":null}},"9":{"start":{"line":25,"column":8},"end":{"line":25,"column":32}},"10":{"start":{"line":28,"column":4},"end":{"line":30,"column":6}},"11":{"start":{"line":29,"column":8},"end":{"line":29,"column":19}},"12":{"start":{"line":32,"column":4},"end":{"line":39,"column":6}},"13":{"start":{"line":33,"column":20},"end":{"line":33,"column":30}},"14":{"start":{"line":34,"column":21},"end":{"line":34,"column":31}},"15":{"start":{"line":35,"column":8},"end":{"line":38,"column":null}},"16":{"start":{"line":36,"column":12},"end":{"line":36,"column":31}},"17":{"start":{"line":37,"column":12},"end":{"line":37,"column":49}},"18":{"start":{"line":41,"column":4},"end":{"line":47,"column":6}},"19":{"start":{"line":43,"column":8},"end":{"line":46,"column":null}},"20":{"start":{"line":44,"column":12},"end":{"line":44,"column":29}},"21":{"start":{"line":45,"column":12},"end":{"line":45,"column":38}},"22":{"start":{"line":49,"column":4},"end":{"line":55,"column":6}},"23":{"start":{"line":50,"column":8},"end":{"line":50,"column":26}},"24":{"start":{"line":51,"column":20},"end":{"line":51,"column":54}},"25":{"start":{"line":53,"column":8},"end":{"line":53,"column":26}},"26":{"start":{"line":54,"column":8},"end":{"line":54,"column":21}},"27":{"start":{"line":57,"column":4},"end":{"line":71,"column":null}},"28":{"start":{"line":58,"column":8},"end":{"line":58,"column":40}},"29":{"start":{"line":58,"column":33},"end":{"line":58,"column":40}},"30":{"start":{"line":60,"column":19},"end":{"line":60,"column":33}},"31":{"start":{"line":62,"column":8},"end":{"line":70,"column":null}},"32":{"start":{"line":64,"column":12},"end":{"line":67,"column":null}},"33":{"start":{"line":64,"column":25},"end":{"line":64,"column":26}},"34":{"start":{"line":64,"column":34},"end":{"line":64,"column":45}},"35":{"start":{"line":65,"column":16},"end":{"line":65,"column":32}},"36":{"start":{"line":65,"column":25},"end":{"line":65,"column":32}},"37":{"start":{"line":66,"column":16},"end":{"line":66,"column":35}},"38":{"start":{"line":69,"column":12},"end":{"line":69,"column":23}},"39":{"start":{"line":72,"column":0},"end":{"line":72,"column":null}}},"fnMap":{"0":{"name":"(anonymous_0)","decl":{"start":{"line":4,"column":0},"end":{"line":4,"column":null}},"loc":{"start":{"line":4,"column":0},"end":{"line":72,"column":null}}},"1":{"name":"Watcher","decl":{"start":{"line":13,"column":4},"end":{"line":13,"column":16}},"loc":{"start":{"line":13,"column":43},"end":{"line":26,"column":5}}},"2":{"name":"(anonymous_2)","decl":{"start":{"line":28,"column":4},"end":{"line":28,"column":10}},"loc":{"start":{"line":28,"column":4},"end":{"line":30,"column":5}}},"3":{"name":"(anonymous_3)","decl":{"start":{"line":32,"column":4},"end":{"line":32,"column":7}},"loc":{"start":{"line":32,"column":4},"end":{"line":39,"column":5}}},"4":{"name":"(anonymous_4)","decl":{"start":{"line":41,"column":4},"end":{"line":41,"column":10}},"loc":{"start":{"line":41,"column":18},"end":{"line":47,"column":5}}},"5":{"name":"(anonymous_5)","decl":{"start":{"line":49,"column":4},"end":{"line":49,"column":7}},"loc":{"start":{"line":49,"column":4},"end":{"line":55,"column":5}}},"6":{"name":"(anonymous_6)","decl":{"start":{"line":57,"column":4},"end":{"line":57,"column":15}},"loc":{"start":{"line":57,"column":23},"end":{"line":71,"column":5}}},"7":{"name":"(anonymous_7)","decl":{"start":{"line":62,"column":15},"end":{"line":62,"column":24}},"loc":{"start":{"line":62,"column":31},"end":{"line":70,"column":9}}}},"branchMap":{"0":{"loc":{"start":{"line":18,"column":8},"end":{"line":23,"column":null}},"type":"if","locations":[{"start":{"line":18,"column":8},"end":{"line":23,"column":null}},{"start":{"line":21,"column":13},"end":{"line":23,"column":null}}]},"1":{"loc":{"start":{"line":35,"column":8},"end":{"line":38,"column":null}},"type":"if","locations":[{"start":{"line":35,"column":8},"end":{"line":38,"column":null}}]},"2":{"loc":{"start":{"line":43,"column":8},"end":{"line":46,"column":null}},"type":"if","locations":[{"start":{"line":43,"column":8},"end":{"line":46,"column":null}}]},"3":{"loc":{"start":{"line":58,"column":8},"end":{"line":58,"column":40}},"type":"if","locations":[{"start":{"line":58,"column":8},"end":{"line":58,"column":40}}]},"4":{"loc":{"start":{"line":65,"column":16},"end":{"line":65,"column":32}},"type":"if","locations":[{"start":{"line":65,"column":16},"end":{"line":65,"column":32}}]}},"s":{"0":1,"1":1,"2":9,"3":9,"4":9,"5":9,"6":9,"7":0,"8":9,"9":9,"10":1,"11":6,"12":1,"13":6,"14":6,"15":6,"16":6,"17":6,"18":1,"19":29,"20":17,"21":17,"22":1,"23":15,"24":15,"25":15,"26":15,"27":1,"28":9,"29":0,"30":9,"31":9,"32":15,"33":15,"34":15,"35":27,"36":0,"37":27,"38":15,"39":1},"f":{"0":1,"1":9,"2":6,"3":6,"4":29,"5":15,"6":9,"7":15},"b":{"0":[0,9],"1":[6],"2":[17],"3":[0],"4":[0]}}
}
