TN:
SF:src\complie.ts
FN:3,(anonymous_0)
FN:13,Complie
FN:31,(anonymous_2)
FN:36,(anonymous_3)
FN:40,(anonymous_4)
FN:58,(anonymous_5)
FN:62,(anonymous_6)
FN:78,(anonymous_7)
FN:82,(anonymous_8)
FN:94,(anonymous_9)
FN:98,(anonymous_10)
FN:102,(anonymous_11)
FN:106,(anonymous_12)
FN:111,(anonymous_13)
FN:112,(anonymous_15)
FN:116,(anonymous_16)
FN:120,(anonymous_17)
FN:124,(anonymous_18)
FN:129,(anonymous_19)
FN:140,(anonymous_20)
FN:145,(anonymous_21)
FN:150,(anonymous_22)
FN:159,(anonymous_23)
FN:162,(anonymous_24)
FN:168,(anonymous_25)
FN:171,(anonymous_26)
FN:183,(anonymous_27)
FN:187,(anonymous_28)
FN:191,(anonymous_29)
FN:198,(anonymous_30)
FNF:30
FNH:27
FNDA:1,(anonymous_0)
FNDA:7,Complie
FNDA:7,(anonymous_2)
FNDA:10,(anonymous_3)
FNDA:12,(anonymous_4)
FNDA:6,(anonymous_5)
FNDA:11,(anonymous_6)
FNDA:4,(anonymous_7)
FNDA:7,(anonymous_8)
FNDA:19,(anonymous_9)
FNDA:6,(anonymous_10)
FNDA:11,(anonymous_11)
FNDA:5,(anonymous_12)
FNDA:1,(anonymous_13)
FNDA:4,(anonymous_15)
FNDA:1,(anonymous_16)
FNDA:1,(anonymous_17)
FNDA:2,(anonymous_18)
FNDA:0,(anonymous_19)
FNDA:8,(anonymous_20)
FNDA:5,(anonymous_21)
FNDA:1,(anonymous_22)
FNDA:10,(anonymous_23)
FNDA:17,(anonymous_24)
FNDA:0,(anonymous_25)
FNDA:0,(anonymous_26)
FNDA:7,(anonymous_27)
FNDA:1,(anonymous_28)
FNDA:1,(anonymous_29)
FNDA:4,(anonymous_30)
DA:1,1
DA:3,1
DA:14,7
DA:15,7
DA:17,7
DA:20,7
DA:23,7
DA:26,7
DA:31,1
DA:32,7
DA:36,1
DA:37,10
DA:38,10
DA:40,10
DA:41,12
DA:42,12
DA:44,12
DA:45,6
DA:47,6
DA:48,4
DA:52,12
DA:53,3
DA:58,1
DA:59,6
DA:60,6
DA:62,6
DA:63,11
DA:64,11
DA:65,5
DA:66,5
DA:68,5
DA:69,1
DA:72,4
DA:78,1
DA:79,4
DA:82,1
DA:83,7
DA:87,7
DA:88,9
DA:91,7
DA:94,1
DA:95,19
DA:98,1
DA:99,6
DA:102,1
DA:103,11
DA:106,1
DA:107,5
DA:109,1
DA:111,1
DA:112,1
DA:113,4
DA:116,1
DA:117,1
DA:120,1
DA:121,1
DA:124,1
DA:125,2
DA:127,2
DA:128,2
DA:129,2
DA:130,0
DA:131,0
DA:132,0
DA:135,0
DA:136,0
DA:140,1
DA:141,8
DA:143,8
DA:145,8
DA:146,5
DA:150,1
DA:151,1
DA:152,1
DA:154,1
DA:155,1
DA:159,1
DA:160,10
DA:161,10
DA:162,10
DA:163,17
DA:165,10
DA:168,1
DA:169,0
DA:170,0
DA:171,0
DA:172,0
DA:173,0
DA:176,0
DA:180,1
DA:182,1
DA:184,7
DA:188,1
DA:192,1
DA:193,1
DA:194,1
DA:195,1
DA:199,4
LF:98
LH:87
BRDA:15,0,0,0
BRDA:15,0,1,7
BRDA:17,1,0,7
BRDA:44,2,0,6
BRDA:44,2,1,6
BRDA:47,3,0,4
BRDA:47,4,0,6
BRDA:47,4,1,6
BRDA:52,5,0,3
BRDA:52,6,0,12
BRDA:52,6,1,12
BRDA:64,7,0,5
BRDA:68,8,0,1
BRDA:68,8,1,4
BRDA:72,9,0,4
BRDA:72,9,1,4
BRDA:131,10,0,0
BRDA:143,11,0,8
BRDA:143,11,1,8
BRDA:146,12,0,5
BRDA:146,12,1,5
BRDA:152,13,0,1
BRDA:152,13,1,1
BRDA:154,14,0,1
BRDA:154,15,0,1
BRDA:154,15,1,1
BRDA:172,16,0,0
BRDA:172,16,1,0
BRDA:184,17,0,0
BRDA:184,17,1,7
BRDA:188,18,0,0
BRDA:188,18,1,1
BRDA:194,19,0,1
BRDA:194,19,1,0
BRDA:194,20,0,1
BRDA:194,20,1,1
BRDA:199,21,0,0
BRDA:199,21,1,4
BRF:38
BRH:30
end_of_record
TN:
SF:src\mvvm.ts
FN:10,(anonymous_0)
FN:15,MVVM
FN:22,(anonymous_2)
FN:36,(anonymous_3)
FN:40,(anonymous_4)
FN:45,proxyGetter
FN:48,proxySetter
FN:54,(anonymous_7)
FN:59,(anonymous_8)
FN:64,(anonymous_9)
FNF:10
FNH:8
FNDA:1,(anonymous_0)
FNDA:7,MVVM
FNDA:10,(anonymous_2)
FNDA:1,(anonymous_3)
FNDA:10,(anonymous_4)
FNDA:38,proxyGetter
FNDA:0,proxySetter
FNDA:7,(anonymous_7)
FNDA:1,(anonymous_8)
FNDA:0,(anonymous_9)
DA:1,1
DA:2,1
DA:3,1
DA:10,1
DA:16,7
DA:17,7
DA:18,7
DA:22,7
DA:23,10
DA:27,7
DA:30,7
DA:33,7
DA:36,1
DA:37,1
DA:40,1
DA:41,10
DA:42,10
DA:46,38
DA:49,0
DA:54,1
DA:55,7
DA:56,7
DA:58,7
DA:59,1
DA:60,1
DA:69,1
LF:26
LH:25
BRDA:16,0,0,7
BRDA:16,0,1,0
BRDA:33,1,0,7
BRDA:33,1,1,0
BRDA:58,2,0,1
BRDA:61,3,0,1
BRDA:61,3,1,0
BRF:7
BRH:4
end_of_record
TN:
SF:src\observer.ts
FN:1,(anonymous_0)
FN:3,Observer
FN:8,(anonymous_2)
FN:11,(anonymous_3)
FN:16,(anonymous_4)
FN:20,(anonymous_5)
FN:27,(anonymous_6)
FN:33,(anonymous_7)
FN:46,observe
FN:54,(anonymous_9)
FN:60,Dep
FN:65,(anonymous_11)
FN:69,(anonymous_12)
FN:73,(anonymous_13)
FN:80,(anonymous_14)
FN:82,(anonymous_15)
FNF:16
FNH:15
FNDA:1,(anonymous_0)
FNDA:12,Observer
FNDA:12,(anonymous_2)
FNDA:15,(anonymous_3)
FNDA:15,(anonymous_4)
FNDA:15,(anonymous_5)
FNDA:64,(anonymous_6)
FNDA:4,(anonymous_7)
FNDA:26,observe
FNDA:1,(anonymous_9)
FNDA:15,Dep
FNDA:17,(anonymous_11)
FNDA:29,(anonymous_12)
FNDA:0,(anonymous_13)
FNDA:4,(anonymous_14)
FNDA:6,(anonymous_15)
DA:1,1
DA:4,12
DA:5,12
DA:8,1
DA:9,12
DA:11,12
DA:12,15
DA:16,1
DA:17,15
DA:20,1
DA:21,15
DA:22,15
DA:24,15
DA:28,64
DA:29,29
DA:31,64
DA:35,4
DA:36,0
DA:38,4
DA:39,4
DA:40,4
DA:44,1
DA:47,26
DA:48,14
DA:51,12
DA:54,1
DA:55,1
DA:57,15
DA:58,1
DA:61,15
DA:62,15
DA:65,1
DA:66,17
DA:69,1
DA:70,29
DA:73,1
DA:74,0
DA:75,0
DA:76,0
DA:80,1
DA:82,4
DA:84,6
DA:87,1
DA:89,1
LF:44
LH:40
BRDA:28,0,0,29
BRDA:35,1,0,0
BRDA:47,2,0,14
BRDA:47,3,0,26
BRDA:47,3,1,26
BRDA:75,4,0,0
BRF:6
BRH:4
end_of_record
TN:
SF:src\watcher.ts
FN:4,(anonymous_0)
FN:13,Watcher
FN:28,(anonymous_2)
FN:32,(anonymous_3)
FN:41,(anonymous_4)
FN:49,(anonymous_5)
FN:57,(anonymous_6)
FN:62,(anonymous_7)
FNF:8
FNH:8
FNDA:1,(anonymous_0)
FNDA:9,Watcher
FNDA:6,(anonymous_2)
FNDA:6,(anonymous_3)
FNDA:29,(anonymous_4)
FNDA:15,(anonymous_5)
FNDA:9,(anonymous_6)
FNDA:15,(anonymous_7)
DA:1,1
DA:4,1
DA:11,9
DA:14,9
DA:15,9
DA:16,9
DA:18,9
DA:19,0
DA:22,9
DA:25,9
DA:28,1
DA:29,6
DA:32,1
DA:33,6
DA:34,6
DA:35,6
DA:36,6
DA:37,6
DA:41,1
DA:43,29
DA:44,17
DA:45,17
DA:49,1
DA:50,15
DA:51,15
DA:53,15
DA:54,15
DA:57,1
DA:58,9
DA:60,9
DA:62,9
DA:64,15
DA:65,27
DA:66,27
DA:69,15
DA:72,1
LF:36
LH:35
BRDA:18,0,0,0
BRDA:18,0,1,9
BRDA:35,1,0,6
BRDA:43,2,0,17
BRDA:58,3,0,0
BRDA:65,4,0,0
BRF:6
BRH:3
end_of_record
